{
  "stats": {
    "suites": 1,
    "tests": 1,
    "passes": 1,
    "pending": 0,
    "failures": 0,
    "start": "2018-03-22T14:19:52.830Z",
    "end": "2018-03-22T14:19:52.890Z",
    "duration": 60,
    "testsRegistered": 1,
    "passPercent": 100,
    "pendingPercent": 0,
    "other": 0,
    "hasOther": false,
    "skipped": 0,
    "hasSkipped": false,
    "passPercentClass": "success",
    "pendingPercentClass": "danger"
  },
  "suites": {
    "uuid": "70983b86-f38a-442d-bafd-eb907fd44a2e",
    "title": "",
    "fullFile": "",
    "file": "",
    "beforeHooks": [],
    "afterHooks": [],
    "tests": [],
    "suites": [
      {
        "uuid": "7e995118-42c7-4cc6-87ef-f51f37aaa33b",
        "title": "node接口测试",
        "fullFile": "/Users/yideng/Desktop/testdemo/service/router.spec.js",
        "file": "/service/router.spec.js",
        "beforeHooks": [],
        "afterHooks": [],
        "tests": [
          {
            "title": "test 接口测试",
            "fullTitle": "node接口测试 test 接口测试",
            "timedOut": false,
            "duration": 27,
            "state": "passed",
            "speed": "fast",
            "pass": true,
            "fail": false,
            "pending": false,
            "code": "request()\n.get('/test')\n.expect('Content-Type', /json/)\n.expect(200)\n.end(function(err, res) {\n    if(res.data == \"Hello World!\"){\n        done();\n    }else{\n        done(err);\n    }\n//   if (err) throw err;\n});",
            "err": {},
            "isRoot": false,
            "uuid": "e0964731-4670-4bc6-8200-f6bea3dcaca1",
            "isHook": false,
            "skipped": false
          }
        ],
        "suites": [],
        "passes": [
          "e0964731-4670-4bc6-8200-f6bea3dcaca1"
        ],
        "failures": [],
        "pending": [],
        "skipped": [],
        "duration": 27,
        "root": false,
        "rootEmpty": false,
        "_timeout": 2000
      }
    ],
    "passes": [],
    "failures": [],
    "pending": [],
    "skipped": [],
    "duration": 0,
    "root": true,
    "rootEmpty": true,
    "_timeout": 2000
  },
  "copyrightYear": 2018
}